[01m[K/mnt/e/Compeitive Programming/CSES - CSES Problem Set/Nearest Smaller Values/main.cpp:[m[K In function â€˜[01m[Kvoid solve()[m[Kâ€™:
[01m[K/mnt/e/Compeitive Programming/CSES - CSES Problem Set/Nearest Smaller Values/main.cpp:44:12:[m[K [01;31m[Kerror: [m[Ka function-definition is not allowed here before â€˜[01m[K{[m[Kâ€™ token
   44 | int main() [01;31m[K{[m[K
      |            [01;31m[K^[m[K
[01m[K/mnt/e/Compeitive Programming/CSES - CSES Problem Set/Nearest Smaller Values/main.cpp:55:1:[m[K [01;31m[Kerror: [m[Kexpected â€˜[01m[K}[m[Kâ€™ at end of input
   55 | [01;31m[K}[m[K
      | [01;31m[K^[m[K
[01m[K/mnt/e/Compeitive Programming/CSES - CSES Problem Set/Nearest Smaller Values/main.cpp:27:14:[m[K [01;36m[Knote: [m[Kto match this â€˜[01m[K{[m[Kâ€™
   27 | void solve() [01;36m[K{[m[K
      |              [01;36m[K^[m[K
